2022-03-23 17:00:46,735 DEBUG o.u.AppTest [main] Hola changos
2022-03-23 17:08:02,406 DEBUG o.u.App [main] Hola chicos
2022-03-23 17:09:24,351 INFO o.u.e.UserInteractionClass [main] As a teacher you can:Add classes 
Create exams 
Calculate payment
2022-03-23 17:09:24,361 INFO o.u.e.Teacher [main] Enter the following teacher's data: 
2022-03-23 17:09:24,361 INFO o.u.e.Teacher [main] Enter the following student's data: 
2022-03-23 17:09:24,362 INFO o.u.e.Teacher [main] Enter your name
2022-03-23 17:09:30,241 INFO o.u.e.Teacher [main] Enter your surname
2022-03-24 08:56:52,656 DEBUG o.u.App [main] Hola chicos
2022-03-24 10:06:06,943 DEBUG o.u.App [main] Hola chicos
2022-03-24 10:06:16,272 INFO o.u.e.UserInteractionClass [main] As a student you can: 
Set your Information 
  Get your average point 
 Get your highest qualification 
 Get the lowest qualification 
 Set the amount of taken exams 
2022-03-24 10:06:16,279 INFO o.u.s.s.NoticeBoardImpl [main] In Maths you will learn algorithm and functions
2022-03-24 10:06:16,280 INFO o.u.s.s.NoticeBoardImpl [main] The date of the following exams are from April 23, to June 15
2022-03-24 10:06:16,280 INFO o.u.s.s.NoticeBoardImpl [main] The result qualification will be abailable soon
2022-03-24 10:06:16,280 INFO o.u.s.s.NoticeBoardImpl [main] The date of the following exams are from April 23, to June 15
2022-03-24 10:06:16,281 INFO o.u.e.Student [main] Enter the following student's data: 
2022-03-24 10:06:16,281 INFO o.u.e.Student [main] Enter your name
2022-03-24 14:23:22,366 INFO o.u.e.UserInteractionClass [main] As a student you can: 
Set your Information 
  Get your average point 
 Get your highest qualification 
 Get the lowest qualification 
 Set the amount of taken exams 
2022-03-24 14:23:22,459 INFO o.u.App [main] Let's see some news on the NoticeBoard
2022-03-24 14:23:22,461 INFO o.u.s.s.NoticeBoardImpl [main] In Maths you will learn algorithm and functions
2022-03-24 14:23:22,461 INFO o.u.s.s.NoticeBoardImpl [main] The date of the following exams are from April 23, to June 15
2022-03-24 14:23:22,461 INFO o.u.s.s.NoticeBoardImpl [main] The result qualification will be abailable soon
2022-03-24 14:23:22,461 INFO o.u.s.s.NoticeBoardImpl [main] The date of the following exams are from April 23, to June 15
2022-03-24 14:23:22,462 INFO o.u.s.s.StudentImpl [main] Enter the following student's data: 
2022-03-24 14:23:22,462 INFO o.u.s.s.StudentImpl [main] Enter your name
2022-03-24 14:24:04,344 INFO o.u.s.s.StudentImpl [main] Enter your surname
2022-03-24 14:24:07,723 INFO o.u.s.s.StudentImpl [main] Enter your phone number
2022-03-24 14:24:10,611 INFO o.u.s.s.StudentImpl [main] Enter your neighborhood
2022-03-24 14:24:15,815 INFO o.u.s.s.StudentImpl [main] Enter the state you live
2022-03-24 14:24:20,999 INFO o.u.s.s.StudentImpl [main] Enter country name
2022-03-24 14:24:26,221 INFO o.u.s.s.StudentImpl [main] All Student information was set
2022-03-24 14:24:26,221 INFO o.u.s.s.StudentImpl [main] Enter the amount of exams taken: 
2022-03-24 14:24:38,638 INFO o.u.s.s.StudentImpl [main] Enter the qualifications exams: 1
2022-03-24 14:24:38,638 INFO o.u.s.s.StudentImpl [main] Enter the qualifications exams: 2
2022-03-24 14:24:38,639 INFO o.u.s.s.StudentImpl [main] Enter the qualifications exams: 3
2022-03-24 14:24:38,639 INFO o.u.s.s.StudentImpl [main] Enter the qualifications exams: 4
2022-03-24 14:24:38,639 INFO o.u.s.s.StudentImpl [main] Enter the qualifications exams: 5
2022-03-24 14:24:38,640 INFO o.u.s.s.StudentImpl [main] Enter the qualifications exams: 6
2022-03-24 14:24:38,640 INFO o.u.s.s.StudentImpl [main] Enter the qualifications exams: 7
2022-03-24 14:24:38,640 INFO o.u.s.s.StudentImpl [main] Enter the qualifications exams: 8
2022-03-24 14:24:38,641 INFO o.u.s.s.StudentImpl [main] Enter the qualifications exams: 9
2022-03-24 14:24:38,641 INFO o.u.s.s.StudentImpl [main] Enter the qualifications exams: 10
2022-03-24 14:24:38,641 INFO o.u.s.s.StudentImpl [main] Enter the qualifications exams: 11
2022-03-24 14:24:38,642 INFO o.u.s.s.StudentImpl [main] Enter the qualifications exams: 12
2022-03-24 15:48:00,684 INFO o.u.e.UserInteractionClass [main] As a student you can: 
Set your Information 
  Get your average point 
 Get your highest qualification 
 Get the lowest qualification 
 Set the amount of taken exams 
2022-03-24 15:48:00,721 INFO o.u.App [main] Let's see some news on the NoticeBoard
2022-03-24 15:48:00,723 INFO o.u.s.s.NoticeBoardImpl [main] In Maths you will learn algorithm and functions
2022-03-24 15:48:00,723 INFO o.u.s.s.NoticeBoardImpl [main] The date of the following exams are from April 23, to June 15
2022-03-24 15:48:00,723 INFO o.u.s.s.NoticeBoardImpl [main] The result qualification will be abailable soon
2022-03-24 15:48:00,724 INFO o.u.s.s.NoticeBoardImpl [main] The date of the following exams are from April 23, to June 15
2022-03-24 15:48:00,724 INFO o.u.s.s.StudentImpl [main] Enter the amount of exams taken: 
2022-03-24 15:48:06,714 INFO o.u.s.s.StudentImpl [main] Enter the qualifications exams: 1
2022-03-24 15:48:06,715 INFO o.u.s.s.StudentImpl [main] Enter the qualifications exams: 2
2022-03-24 15:48:06,715 INFO o.u.s.s.StudentImpl [main] Enter the qualifications exams: 3
2022-03-24 15:48:06,715 INFO o.u.s.s.StudentImpl [main] Enter the qualifications exams: 4
2022-03-24 15:48:06,715 INFO o.u.s.s.StudentImpl [main] Enter the qualifications exams: 5
2022-03-24 15:50:29,814 INFO o.u.e.UserInteractionClass [main] As a student you can: 
Set your Information 
  Get your average point 
 Get your highest qualification 
 Get the lowest qualification 
 Set the amount of taken exams 
2022-03-24 15:50:29,825 INFO o.u.App [main] Let's see some news on the NoticeBoard
2022-03-24 15:50:29,825 INFO o.u.s.s.NoticeBoardImpl [main] In Maths you will learn algorithm and functions
2022-03-24 15:50:29,826 INFO o.u.s.s.NoticeBoardImpl [main] The date of the following exams are from April 23, to June 15
2022-03-24 15:50:29,826 INFO o.u.s.s.NoticeBoardImpl [main] The result qualification will be abailable soon
2022-03-24 15:50:29,826 INFO o.u.s.s.NoticeBoardImpl [main] The date of the following exams are from April 23, to June 15
2022-03-24 15:50:29,826 INFO o.u.s.s.StudentImpl [main] Enter the amount of exams taken: 
2022-03-24 15:50:33,226 INFO o.u.s.s.StudentImpl [main] Enter the qualifications exams: 1
2022-03-24 15:50:33,226 INFO o.u.s.s.StudentImpl [main] Enter the qualifications exams: 2
2022-03-24 15:50:33,227 INFO o.u.s.s.StudentImpl [main] Enter the qualifications exams: 3
2022-03-24 15:50:33,227 INFO o.u.s.s.StudentImpl [main] Enter the qualifications exams: 4
2022-03-24 15:50:33,227 INFO o.u.s.s.StudentImpl [main] Enter the qualifications exams: 5
2022-03-24 15:54:25,144 INFO o.u.e.UserInteractionClass [main] As a student you can: 
Set your Information 
  Get your average point 
 Get your highest qualification 
 Get the lowest qualification 
 Set the amount of taken exams 
2022-03-24 15:54:25,156 INFO o.u.App [main] Let's see some news on the NoticeBoard
2022-03-24 15:54:25,157 INFO o.u.s.s.NoticeBoardImpl [main] In Maths you will learn algorithm and functions
2022-03-24 15:54:25,158 INFO o.u.s.s.NoticeBoardImpl [main] The date of the following exams are from April 23, to June 15
2022-03-24 15:54:25,158 INFO o.u.s.s.NoticeBoardImpl [main] The result qualification will be abailable soon
2022-03-24 15:54:25,158 INFO o.u.s.s.NoticeBoardImpl [main] The date of the following exams are from April 23, to June 15
2022-03-24 15:54:25,158 INFO o.u.s.s.StudentImpl [main] Enter the amount of exams taken: 
2022-03-24 15:54:27,726 INFO o.u.s.s.StudentImpl [main] Enter the qualifications exams: 1
2022-03-24 15:54:27,726 INFO o.u.s.s.StudentImpl [main] Enter the qualifications exams: 2
2022-03-24 15:54:27,727 INFO o.u.s.s.StudentImpl [main] Enter the qualifications exams: 3
2022-03-24 15:54:27,727 INFO o.u.s.s.StudentImpl [main] Enter the qualifications exams: 4
2022-03-24 15:54:27,727 INFO o.u.s.s.StudentImpl [main] Enter the qualifications exams: 5
2022-03-24 15:56:26,968 INFO o.u.e.UserInteractionClass [main] As a student you can: 
Set your Information 
  Get your average point 
 Get your highest qualification 
 Get the lowest qualification 
 Set the amount of taken exams 
2022-03-24 15:56:26,979 INFO o.u.App [main] Let's see some news on the NoticeBoard
2022-03-24 15:56:26,980 INFO o.u.s.s.NoticeBoardImpl [main] In Maths you will learn algorithm and functions
2022-03-24 15:56:26,980 INFO o.u.s.s.NoticeBoardImpl [main] The date of the following exams are from April 23, to June 15
2022-03-24 15:56:26,980 INFO o.u.s.s.NoticeBoardImpl [main] The result qualification will be abailable soon
2022-03-24 15:56:26,981 INFO o.u.s.s.NoticeBoardImpl [main] The date of the following exams are from April 23, to June 15
2022-03-24 15:56:26,981 INFO o.u.s.s.StudentImpl [main] Enter the amount of exams taken: 
2022-03-24 15:56:30,585 INFO o.u.s.s.StudentImpl [main] Enter the qualifications exams: 1
2022-03-24 15:56:30,586 INFO o.u.s.s.StudentImpl [main] Enter the qualifications exams: 2
2022-03-24 15:56:30,586 INFO o.u.s.s.StudentImpl [main] Enter the qualifications exams: 3
2022-03-24 15:56:30,586 INFO o.u.s.s.StudentImpl [main] Enter the qualifications exams: 4
2022-03-24 15:56:30,586 INFO o.u.s.s.StudentImpl [main] Enter the qualifications exams: 5
2022-03-24 16:09:41,586 INFO o.u.e.UserInteractionClass [main] As a student you can: 
Set your Information 
  Get your average point 
 Get your highest qualification 
 Get the lowest qualification 
 Set the amount of taken exams 
2022-03-24 16:09:41,599 INFO o.u.App [main] Let's see some news on the NoticeBoard
2022-03-24 16:09:41,600 INFO o.u.s.s.NoticeBoardImpl [main] In Maths you will learn algorithm and functions
2022-03-24 16:09:41,600 INFO o.u.s.s.NoticeBoardImpl [main] The date of the following exams are from April 23, to June 15
2022-03-24 16:09:41,600 INFO o.u.s.s.NoticeBoardImpl [main] The result qualification will be abailable soon
2022-03-24 16:09:41,600 INFO o.u.s.s.NoticeBoardImpl [main] The date of the following exams are from April 23, to June 15
2022-03-24 16:09:41,601 INFO o.u.s.s.StudentImpl [main] Enter the amount of exams taken: 
2022-03-24 16:09:43,576 INFO o.u.s.s.StudentImpl [main] Enter the qualifications exams: 1
2022-03-24 16:09:43,576 INFO o.u.s.s.StudentImpl [main] Enter the qualifications exams: 2
2022-03-24 16:13:40,421 INFO o.u.e.UserInteractionClass [main] As a student you can: 
Set your Information 
  Get your average point 
 Get your highest qualification 
 Get the lowest qualification 
 Set the amount of taken exams 
2022-03-24 16:13:40,434 INFO o.u.App [main] Let's see some news on the NoticeBoard
2022-03-24 16:13:40,435 INFO o.u.s.s.NoticeBoardImpl [main] In Maths you will learn algorithm and functions
2022-03-24 16:13:40,435 INFO o.u.s.s.NoticeBoardImpl [main] The date of the following exams are from April 23, to June 15
2022-03-24 16:13:40,435 INFO o.u.s.s.NoticeBoardImpl [main] The result qualification will be abailable soon
2022-03-24 16:13:40,436 INFO o.u.s.s.NoticeBoardImpl [main] The date of the following exams are from April 23, to June 15
2022-03-24 16:13:40,436 INFO o.u.s.s.StudentImpl [main] Enter the amount of exams taken: 
2022-03-24 16:13:52,302 INFO o.u.s.s.StudentImpl [main] Enter the qualifications exams: 1
2022-03-24 16:13:52,302 INFO o.u.s.s.StudentImpl [main] Enter the qualifications exams: 2
2022-03-24 16:13:52,303 INFO o.u.s.s.StudentImpl [main] Enter the qualifications exams: 3
2022-03-24 16:13:52,303 INFO o.u.s.s.StudentImpl [main] Enter the qualifications exams: 4
2022-03-24 16:13:52,303 INFO o.u.App [main] The lowest qualification is : 0
2022-03-24 16:13:52,304 INFO o.u.App [main] The highest qualification is : 0
2022-03-24 16:13:52,304 INFO o.u.App [main] The total average qualification is : 0
2022-03-24 16:15:45,217 INFO o.u.e.UserInteractionClass [main] As a student you can: 
Set your Information 
  Get your average point 
 Get your highest qualification 
 Get the lowest qualification 
 Set the amount of taken exams 
2022-03-24 16:15:45,227 INFO o.u.App [main] Let's see some news on the NoticeBoard
2022-03-24 16:15:45,228 INFO o.u.s.s.NoticeBoardImpl [main] In Maths you will learn algorithm and functions
2022-03-24 16:15:45,228 INFO o.u.s.s.NoticeBoardImpl [main] The date of the following exams are from April 23, to June 15
2022-03-24 16:15:45,229 INFO o.u.s.s.NoticeBoardImpl [main] The result qualification will be abailable soon
2022-03-24 16:15:45,229 INFO o.u.s.s.NoticeBoardImpl [main] The date of the following exams are from April 23, to June 15
2022-03-24 16:15:45,229 INFO o.u.s.s.StudentImpl [main] Enter the amount of exams taken: 
2022-03-24 16:15:46,935 INFO o.u.s.s.StudentImpl [main] Enter the qualifications exams: 1
2022-03-24 16:15:46,936 INFO o.u.s.s.StudentImpl [main] Enter the qualifications exams: 2
2022-03-24 16:15:46,936 INFO o.u.s.s.StudentImpl [main] Enter the qualifications exams: 3
2022-03-24 16:15:46,936 INFO o.u.s.s.StudentImpl [main] Enter the qualifications exams: 4
2022-03-24 20:52:52,562 INFO o.u.e.UserInteractionClass [main] As a student you can: 
Set your Information 
  Get your average point 
 Get your highest qualification 
 Get the lowest qualification 
 Set the amount of taken exams 
2022-03-24 20:52:52,634 INFO o.u.App [main] Let's see some news on the NoticeBoard
2022-03-24 20:52:52,637 INFO o.u.s.s.NoticeBoardImpl [main] In Maths you will learn algorithm and functions
2022-03-24 20:52:52,638 INFO o.u.s.s.NoticeBoardImpl [main] The date of the following exams are from April 23, to June 15
2022-03-24 20:52:52,638 INFO o.u.s.s.NoticeBoardImpl [main] The result qualification will be abailable soon
2022-03-24 20:52:52,638 INFO o.u.s.s.NoticeBoardImpl [main] The date of the following exams are from April 23, to June 15
2022-03-24 20:52:52,640 INFO o.u.s.s.StudentImpl [main] Enter the amount of exams taken: 
2022-03-24 20:52:56,090 INFO o.u.s.s.StudentImpl [main] Enter the qualifications exams: 1
2022-03-24 20:53:10,629 INFO o.u.s.s.StudentImpl [main] Enter the qualifications exams: 2
2022-03-24 20:53:18,599 INFO o.u.s.s.StudentImpl [main] Enter the qualifications exams: 3
2022-03-24 20:53:27,446 INFO o.u.s.s.StudentImpl [main] Enter the qualifications exams: 4
2022-03-24 20:53:31,461 INFO o.u.s.s.StudentImpl [main] Enter the qualifications exams: 5
2022-03-24 20:53:38,199 INFO o.u.App [main] The lowest qualification is : 0
2022-03-24 20:53:38,200 INFO o.u.App [main] The highest qualification is : 0
2022-03-24 20:53:38,200 INFO o.u.App [main] The total average qualification is : 0
2022-03-24 20:57:37,655 INFO o.u.e.UserInteractionClass [main] As a student you can: 
Set your Information 
  Get your average point 
 Get your highest qualification 
 Get the lowest qualification 
 Set the amount of taken exams 
2022-03-24 20:57:37,666 INFO o.u.App [main] Let's see some news on the NoticeBoard
2022-03-24 20:57:37,668 INFO o.u.s.s.NoticeBoardImpl [main] In Maths you will learn algorithm and functions
2022-03-24 20:57:37,668 INFO o.u.s.s.NoticeBoardImpl [main] The date of the following exams are from April 23, to June 15
2022-03-24 20:57:37,669 INFO o.u.s.s.NoticeBoardImpl [main] The result qualification will be abailable soon
2022-03-24 20:57:37,669 INFO o.u.s.s.NoticeBoardImpl [main] The date of the following exams are from April 23, to June 15
2022-03-24 20:57:37,669 INFO o.u.s.s.StudentImpl [main] Enter the amount of exams taken: 
2022-03-24 20:57:41,269 INFO o.u.s.s.StudentImpl [main] Enter the qualifications exams: 1
2022-03-24 20:57:44,811 INFO o.u.s.s.StudentImpl [main] Enter the qualifications exams: 2
2022-03-24 20:57:45,714 INFO o.u.s.s.StudentImpl [main] Enter the qualifications exams: 3
2022-03-24 20:57:46,683 INFO o.u.App [main] The lowest qualification is : 0
2022-03-24 20:57:46,683 INFO o.u.App [main] The highest qualification is : 0
2022-03-24 20:57:46,683 INFO o.u.App [main] The total average qualification is : 0
2022-03-24 21:14:32,382 INFO o.u.e.UserInteractionClass [main] As a student you can: 
Set your Information 
  Get your average point 
 Get your highest qualification 
 Get the lowest qualification 
 Set the amount of taken exams 
2022-03-24 21:14:32,419 INFO o.u.App [main] Let's see some news on the NoticeBoard
2022-03-24 21:14:32,420 INFO o.u.s.s.NoticeBoardImpl [main] In Maths you will learn algorithm and functions
2022-03-24 21:14:32,420 INFO o.u.s.s.NoticeBoardImpl [main] The date of the following exams are from April 23, to June 15
2022-03-24 21:14:32,420 INFO o.u.s.s.NoticeBoardImpl [main] The result qualification will be abailable soon
2022-03-24 21:14:32,421 INFO o.u.s.s.NoticeBoardImpl [main] The date of the following exams are from April 23, to June 15
2022-03-24 21:14:32,421 INFO o.u.s.s.StudentImpl [main] Enter the amount of exams taken: 
2022-03-24 21:14:34,586 INFO o.u.s.s.StudentImpl [main] Enter the qualifications exams: 1
2022-03-24 21:14:37,405 INFO o.u.s.s.StudentImpl [main] Enter the qualifications exams: 2
2022-03-24 21:14:38,574 INFO o.u.s.s.StudentImpl [main] Enter the qualifications exams: 3
2022-03-24 21:14:44,026 INFO o.u.App [main] The lowest qualification is : 0
2022-03-24 21:14:44,026 INFO o.u.App [main] The highest qualification is : 0
2022-03-24 21:14:44,027 INFO o.u.App [main] The total average qualification is : 0
2022-03-24 21:16:20,805 INFO o.u.e.UserInteractionClass [main] As a student you can: 
Set your Information 
  Get your average point 
 Get your highest qualification 
 Get the lowest qualification 
 Set the amount of taken exams 
2022-03-24 21:16:20,866 INFO o.u.App [main] Let's see some news on the NoticeBoard
2022-03-24 21:16:20,869 INFO o.u.s.s.NoticeBoardImpl [main] In Maths you will learn algorithm and functions
2022-03-24 21:16:20,869 INFO o.u.s.s.NoticeBoardImpl [main] The date of the following exams are from April 23, to June 15
2022-03-24 21:16:20,870 INFO o.u.s.s.NoticeBoardImpl [main] The result qualification will be abailable soon
2022-03-24 21:16:20,870 INFO o.u.s.s.NoticeBoardImpl [main] The date of the following exams are from April 23, to June 15
2022-03-24 21:16:20,871 INFO o.u.s.s.StudentImpl [main] Enter the amount of exams taken: 
2022-03-24 21:16:22,660 INFO o.u.s.s.StudentImpl [main] Enter the qualifications exams: 1
2022-03-24 21:16:25,060 INFO o.u.s.s.StudentImpl [main] Enter the qualifications exams: 2
2022-03-24 21:16:26,133 INFO o.u.s.s.StudentImpl [main] Enter the qualifications exams: 3
2022-03-24 21:16:27,144 INFO o.u.App [main] The lowest qualification is : 0
2022-03-24 21:16:27,144 INFO o.u.App [main] The highest qualification is : 0
2022-03-24 21:16:27,145 INFO o.u.App [main] The total average qualification is : 0
2022-03-24 22:11:22,991 INFO o.u.e.UserInteractionClass [main] As a student you can: 
Set your Information 
  Get your average point 
 Get your highest qualification 
 Get the lowest qualification 
 Set the amount of taken exams 
2022-03-24 22:11:23,003 INFO o.u.App [main] Let's see some news on the NoticeBoard
2022-03-24 22:11:23,004 INFO o.u.s.s.NoticeBoardImpl [main] In Maths you will learn algorithm and functions
2022-03-24 22:11:23,004 INFO o.u.s.s.NoticeBoardImpl [main] The date of the following exams are from April 23, to June 15
2022-03-24 22:11:23,004 INFO o.u.s.s.NoticeBoardImpl [main] The result qualification will be abailable soon
2022-03-24 22:11:23,005 INFO o.u.s.s.NoticeBoardImpl [main] The date of the following exams are from April 23, to June 15
2022-03-24 22:11:23,005 INFO o.u.s.s.StudentImpl [main] Enter the amount of exams taken: 
2022-03-24 22:11:25,534 INFO o.u.s.s.StudentImpl [main] Enter the qualifications exams: 1
2022-03-24 22:11:26,836 INFO o.u.s.s.StudentImpl [main] Enter the qualifications exams: 2
2022-03-24 22:11:27,941 INFO o.u.s.s.StudentImpl [main] Enter the qualifications exams: 3
2022-03-24 22:11:29,094 INFO o.u.App [main] The lowest qualification is : 0
2022-03-24 22:11:29,094 INFO o.u.App [main] The highest qualification is : 0
2022-03-24 22:11:29,096 INFO o.u.App [main] The total average qualification is : 0.0
2022-03-24 22:17:22,480 INFO o.u.e.UserInteractionClass [main] As a student you can: 
Set your Information 
  Get your average point 
 Get your highest qualification 
 Get the lowest qualification 
 Set the amount of taken exams 
2022-03-24 22:17:22,530 INFO o.u.App [main] Let's see some news on the NoticeBoard
2022-03-24 22:17:22,532 INFO o.u.s.s.NoticeBoardImpl [main] In Maths you will learn algorithm and functions
2022-03-24 22:17:22,532 INFO o.u.s.s.NoticeBoardImpl [main] The date of the following exams are from April 23, to June 15
2022-03-24 22:17:22,532 INFO o.u.s.s.NoticeBoardImpl [main] The result qualification will be abailable soon
2022-03-24 22:17:22,532 INFO o.u.s.s.NoticeBoardImpl [main] The date of the following exams are from April 23, to June 15
2022-03-24 22:17:22,533 INFO o.u.s.s.StudentImpl [main] Enter the amount of exams taken: 
2022-03-24 22:17:24,450 INFO o.u.s.s.StudentImpl [main] Enter the qualifications exams: 1
2022-03-24 22:17:25,854 INFO o.u.s.s.StudentImpl [main] Enter the qualifications exams: 2
2022-03-24 22:17:26,518 INFO o.u.s.s.StudentImpl [main] Enter the qualifications exams: 3
2022-03-24 22:17:27,591 INFO o.u.App [main] The lowest qualification is : 0
2022-03-24 22:17:27,591 INFO o.u.App [main] The highest qualification is : 0
2022-03-24 22:17:27,593 INFO o.u.App [main] The total average qualification is : 0.0
2022-03-24 22:28:24,416 INFO o.u.e.UserInteractionClass [main] As a student you can: 
Set your Information 
  Get your average point 
 Get your highest qualification 
 Get the lowest qualification 
 Set the amount of taken exams 
2022-03-24 22:28:24,466 INFO o.u.App [main] Let's see some news on the NoticeBoard
2022-03-24 22:28:24,468 INFO o.u.s.s.NoticeBoardImpl [main] In Maths you will learn algorithm and functions
2022-03-24 22:28:24,469 INFO o.u.s.s.NoticeBoardImpl [main] The date of the following exams are from April 23, to June 15
2022-03-24 22:28:24,469 INFO o.u.s.s.NoticeBoardImpl [main] The result qualification will be abailable soon
2022-03-24 22:28:24,469 INFO o.u.s.s.NoticeBoardImpl [main] The date of the following exams are from April 23, to June 15
2022-03-24 22:28:24,470 INFO o.u.s.s.StudentImpl [main] Enter the amount of exams taken: 
2022-03-24 22:28:30,312 INFO o.u.s.s.StudentImpl [main] Enter the qualifications exams: 1
2022-03-24 22:28:34,819 INFO o.u.s.s.StudentImpl [main] Enter the qualifications exams: 2
2022-03-24 22:28:37,463 INFO o.u.s.s.StudentImpl [main] Enter the qualifications exams: 3
2022-03-24 22:29:28,552 INFO o.u.App [main] The lowest qualification is : 0
2022-03-24 22:29:28,553 INFO o.u.App [main] The highest qualification is : 0
2022-03-24 22:29:28,559 INFO o.u.App [main] The total average qualification is : 0.0
2022-03-24 22:31:46,578 INFO o.u.e.UserInteractionClass [main] As a student you can: 
Set your Information 
  Get your average point 
 Get your highest qualification 
 Get the lowest qualification 
 Set the amount of taken exams 
2022-03-24 22:31:46,635 INFO o.u.App [main] Let's see some news on the NoticeBoard
2022-03-24 22:31:46,638 INFO o.u.s.s.NoticeBoardImpl [main] In Maths you will learn algorithm and functions
2022-03-24 22:31:46,639 INFO o.u.s.s.NoticeBoardImpl [main] The date of the following exams are from April 23, to June 15
2022-03-24 22:31:46,640 INFO o.u.s.s.NoticeBoardImpl [main] The result qualification will be abailable soon
2022-03-24 22:31:46,640 INFO o.u.s.s.NoticeBoardImpl [main] The date of the following exams are from April 23, to June 15
2022-03-24 22:31:46,641 INFO o.u.s.s.StudentImpl [main] Enter the amount of exams taken: 
2022-03-24 22:31:48,269 INFO o.u.s.s.StudentImpl [main] Enter the qualifications exams: 1
2022-03-24 22:31:49,364 INFO o.u.s.s.StudentImpl [main] Enter the qualifications exams: 2
2022-03-24 22:31:50,778 INFO o.u.s.s.StudentImpl [main] Enter the qualifications exams: 3
2022-03-24 22:32:21,204 INFO o.u.App [main] The lowest qualification is : 0
2022-03-24 22:32:21,207 INFO o.u.App [main] The highest qualification is : 0
2022-03-24 22:32:21,210 INFO o.u.App [main] The total average qualification is : 0.0
2022-03-25 22:39:15,185 INFO o.u.s.s.StudentImpl [main] Enter the amount of exams taken: 
2022-03-25 22:39:22,851 INFO o.u.s.s.StudentImpl [main] Enter the qualifications exams: 1
2022-03-25 22:39:26,177 INFO o.u.s.s.StudentImpl [main] Enter the qualifications exams: 2
2022-03-25 22:39:27,236 INFO o.u.s.s.StudentImpl [main] Enter the qualifications exams: 3
2022-03-25 22:39:28,716 INFO o.u.App [main] The lowest qualification is : 0
2022-03-25 22:39:28,718 INFO o.u.App [main] The highest qualification is : 0
2022-03-25 22:39:28,720 INFO o.u.App [main] The total average qualification is : 0.0
2022-03-25 22:42:04,733 INFO o.u.e.UserInteractionClass [main] As a teacher you can:Add classes 
Create exams 
Calculate payment
2022-03-25 22:42:04,743 INFO o.u.e.Teacher [main] Enter the following teacher's data: 
2022-03-25 22:42:04,744 INFO o.u.e.Teacher [main] Enter the following student's data: 
2022-03-25 22:42:04,744 INFO o.u.e.Teacher [main] Enter your name
2022-03-25 22:42:11,150 INFO o.u.e.Teacher [main] Enter your surname
2022-03-25 22:42:13,648 INFO o.u.e.Teacher [main] Enter your phone number
2022-03-25 22:42:16,954 INFO o.u.e.Teacher [main] Enter your neighborhood
2022-03-25 22:42:20,376 INFO o.u.e.Teacher [main] Enter the state you live
2022-03-25 22:42:23,734 INFO o.u.e.Teacher [main] Enter country name
2022-03-25 22:42:28,453 INFO o.u.e.Teacher [main] All teacher information was set
2022-03-25 22:42:28,458 INFO o.u.s.s.CourseImpl [main] Enter the subjects, please. 1
2022-03-25 22:42:28,459 DEBUG o.u.s.s.CourseImpl [main] java.util.NoSuchElementException: No line found
2022-03-26 11:44:36,103 INFO o.u.e.UserInteractionClass [main] As a teacher you can:Add classes 
Create exams 
Calculate payment
2022-03-26 11:44:36,212 INFO o.u.e.Teacher [main] Enter the following teacher's data: 
2022-03-26 11:44:36,212 INFO o.u.e.Teacher [main] Enter the following student's data: 
2022-03-26 11:44:36,212 INFO o.u.e.Teacher [main] Enter your name
2022-03-26 11:44:47,923 INFO o.u.e.Teacher [main] Enter your surname
2022-03-26 11:44:50,412 INFO o.u.e.Teacher [main] Enter your phone number
2022-03-26 11:44:52,990 INFO o.u.e.Teacher [main] Enter your neighborhood
2022-03-26 11:44:56,346 INFO o.u.e.Teacher [main] Enter the state you live
2022-03-26 11:45:00,697 INFO o.u.e.Teacher [main] Enter country name
2022-03-26 11:45:04,198 INFO o.u.e.Teacher [main] All teacher information was set
2022-03-26 11:45:04,202 INFO o.u.s.s.CourseImpl [main] null | 
2022-03-26 11:45:04,203 INFO o.u.s.s.CourseImpl [main] null | 
2022-03-26 11:45:04,203 INFO o.u.s.s.CourseImpl [main] null | 
2022-03-26 11:45:04,203 INFO o.u.s.s.CourseImpl [main] null | 
2022-03-26 11:45:04,204 INFO o.u.s.s.CourseImpl [main] null | 
2022-03-26 11:45:04,204 INFO o.u.s.s.CourseImpl [main] null | 
2022-03-26 11:45:04,204 INFO o.u.s.s.CourseImpl [main] Enter the students, please. 1
2022-03-26 11:45:04,205 DEBUG o.u.s.s.CourseImpl [main] java.util.NoSuchElementException: No line found
2022-03-26 11:49:36,121 INFO o.u.e.UserInteractionClass [main] As a teacher you can:Add classes 
Create exams 
Calculate payment
2022-03-26 11:49:36,133 INFO o.u.s.s.CourseImpl [main] Enter the subjects, please. 1
2022-03-26 11:49:45,986 INFO o.u.s.s.CourseImpl [main] Enter the subjects, please. 2
2022-03-26 11:49:49,321 INFO o.u.s.s.CourseImpl [main] Enter the subjects, please. 3
2022-03-26 11:49:53,190 INFO o.u.s.s.CourseImpl [main] Enter the subjects, please. 4
2022-03-26 11:49:58,871 INFO o.u.s.s.CourseImpl [main] Enter the subjects, please. 5
2022-03-26 11:50:04,422 INFO o.u.s.s.CourseImpl [main] Enter the subjects, please. 6
2022-03-26 11:50:06,798 INFO o.u.s.s.CourseImpl [main] Maths | 
2022-03-26 11:50:06,799 INFO o.u.s.s.CourseImpl [main] Biology | 
2022-03-26 11:50:06,799 INFO o.u.s.s.CourseImpl [main] HIstory | 
2022-03-26 11:50:06,799 INFO o.u.s.s.CourseImpl [main] PE | 
2022-03-26 11:50:06,800 INFO o.u.s.s.CourseImpl [main] English | 
2022-03-26 11:50:06,800 INFO o.u.s.s.CourseImpl [main]  | 
2022-03-26 11:50:06,800 INFO o.u.s.s.CourseImpl [main] Enter the students, please. 1
2022-03-26 11:50:06,802 DEBUG o.u.s.s.CourseImpl [main] java.util.NoSuchElementException: No line found
2022-03-26 11:55:49,404 INFO o.u.e.UserInteractionClass [main] As a teacher you can:Add classes 
Create exams 
Calculate payment
2022-03-26 11:55:49,418 INFO o.u.s.s.CourseImpl [main] Enter the subjects, please. 1
2022-03-26 11:55:55,890 INFO o.u.s.s.CourseImpl [main] Enter the subjects, please. 2
2022-03-26 11:55:57,271 INFO o.u.s.s.CourseImpl [main] Enter the subjects, please. 3
2022-03-26 11:55:58,900 INFO o.u.s.s.CourseImpl [main] Enter the subjects, please. 4
2022-03-26 11:56:00,399 INFO o.u.s.s.CourseImpl [main] Enter the subjects, please. 5
2022-03-26 11:56:06,044 INFO o.u.s.s.CourseImpl [main] Enter the subjects, please. 6
2022-03-26 11:56:14,864 INFO o.u.s.s.CourseImpl [main] The subjects added are ing
2022-03-26 11:56:14,864 INFO o.u.s.s.CourseImpl [main] The subjects added are math
2022-03-26 11:56:14,865 INFO o.u.s.s.CourseImpl [main] The subjects added are Bio
2022-03-26 11:56:14,865 INFO o.u.s.s.CourseImpl [main] The subjects added are hist
2022-03-26 11:56:14,865 INFO o.u.s.s.CourseImpl [main] The subjects added are PE
2022-03-26 11:56:14,865 INFO o.u.s.s.CourseImpl [main] The subjects added are English
2022-03-26 11:56:14,866 INFO o.u.s.s.CourseImpl [main] Enter the students, please. 1
2022-03-26 11:56:14,867 DEBUG o.u.s.s.CourseImpl [main] java.util.NoSuchElementException: No line found
2022-03-26 13:14:43,979 INFO o.u.e.UserInteractionClass [main] As a teacher you can:Add classes 
Create exams 
Calculate payment
2022-03-26 13:14:44,047 INFO o.u.s.s.CourseImpl [main] Enter the students, please. 1
2022-03-26 13:14:49,774 INFO o.u.s.s.CourseImpl [main] Enter the students, please. 2
2022-03-26 13:14:52,716 INFO o.u.s.s.CourseImpl [main] Enter the students, please. 3
2022-03-26 13:14:56,603 INFO o.u.s.s.CourseImpl [main] German
2022-03-26 13:14:56,604 INFO o.u.s.s.CourseImpl [main] MArtina
2022-03-26 13:14:56,605 INFO o.u.s.s.CourseImpl [main] Leandro
2022-03-26 13:14:56,605 INFO o.u.App [main] Now let's calculate your salary
2022-03-26 13:14:56,608 INFO o.u.e.Employee [main] Enter the base monthly income
2022-03-26 13:20:58,557 INFO o.u.e.UserInteractionClass [main] As a teacher you can:Add classes 
Create exams 
Calculate payment
2022-03-26 13:20:58,569 INFO o.u.s.s.CourseImpl [main] Enter three students, please. 1
2022-03-26 13:21:02,238 INFO o.u.s.s.CourseImpl [main] Enter three students, please. 2
2022-03-26 13:21:03,972 INFO o.u.s.s.CourseImpl [main] Enter three students, please. 3
2022-03-26 13:21:06,017 INFO o.u.s.s.CourseImpl [main] German
2022-03-26 13:21:06,018 INFO o.u.s.s.CourseImpl [main] Leandro
2022-03-26 13:21:06,018 INFO o.u.s.s.CourseImpl [main] MArtina
2022-03-26 13:21:06,019 INFO o.u.App [main] Now let's calculate your salary
2022-03-26 13:21:06,021 INFO o.u.e.Employee [main] Enter the base monthly income
2022-03-26 13:22:02,230 INFO o.u.e.UserInteractionClass [main] As a teacher you can:Add classes 
Create exams 
Calculate payment
2022-03-26 13:22:02,242 INFO o.u.s.s.CourseImpl [main] Enter three students, please. 1
2022-03-26 13:22:07,420 INFO o.u.s.s.CourseImpl [main] Enter three students, please. 2
2022-03-26 13:22:11,565 INFO o.u.s.s.CourseImpl [main] Enter three students, please. 3
2022-03-26 13:22:17,488 INFO o.u.s.s.CourseImpl [main] Jim
2022-03-26 13:22:17,488 INFO o.u.s.s.CourseImpl [main] alice
2022-03-26 13:22:17,489 INFO o.u.s.s.CourseImpl [main] ubert
2022-03-26 13:22:17,489 INFO o.u.App [main] Now let's calculate your salary
2022-03-26 13:22:17,492 INFO o.u.e.Employee [main] Enter the base monthly income
2022-03-26 13:28:28,153 INFO o.u.e.UserInteractionClass [main] As a teacher you can:Add classes 
Create exams 
Calculate payment
2022-03-26 13:28:28,257 INFO o.u.s.s.CourseImpl [main] Enter three students, please. 1
2022-03-26 13:28:32,086 INFO o.u.s.s.CourseImpl [main] Enter three students, please. 2
2022-03-26 13:28:34,824 INFO o.u.s.s.CourseImpl [main] Enter three students, please. 3
2022-03-26 13:28:39,462 INFO o.u.s.s.CourseImpl [main] JIm
2022-03-26 13:28:39,464 INFO o.u.s.s.CourseImpl [main] Andrew
2022-03-26 13:28:39,464 INFO o.u.s.s.CourseImpl [main] ubert
2022-03-26 13:28:39,465 INFO o.u.App [main] Now let's calculate your salary
2022-03-26 13:28:39,549 INFO o.u.e.Employee [main] Enter the base monthly income
2022-03-26 13:29:20,645 INFO o.u.e.UserInteractionClass [main] As a teacher you can:Add classes 
Create exams 
Calculate payment
2022-03-26 13:29:20,658 INFO o.u.s.s.CourseImpl [main] Enter three students, please. 1
2022-03-26 13:29:23,281 INFO o.u.s.s.CourseImpl [main] Enter three students, please. 2
2022-03-26 13:29:26,061 INFO o.u.s.s.CourseImpl [main] Enter three students, please. 3
2022-03-26 13:29:33,813 INFO o.u.s.s.CourseImpl [main] Andrew
2022-03-26 13:29:33,813 INFO o.u.s.s.CourseImpl [main] Bill
2022-03-26 13:29:33,813 INFO o.u.s.s.CourseImpl [main] Jim
2022-03-26 13:29:33,814 INFO o.u.App [main] Now let's calculate your salary
2022-03-26 13:29:33,816 INFO o.u.e.Employee [main] Enter the base monthly income
2022-03-26 13:30:13,309 INFO o.u.e.UserInteractionClass [main] As a teacher you can:Add classes 
Create exams 
Calculate payment
2022-03-26 13:30:13,324 INFO o.u.s.s.CourseImpl [main] Enter three students, please. 1
2022-03-26 13:30:17,332 INFO o.u.s.s.CourseImpl [main] Enter three students, please. 2
2022-03-26 13:30:21,584 INFO o.u.s.s.CourseImpl [main] Enter three students, please. 3
2022-03-26 13:30:26,348 INFO o.u.s.s.CourseImpl [main] Enter three students, please. 4
2022-03-26 13:30:29,703 INFO o.u.s.s.CourseImpl [main] Alice
2022-03-26 13:30:29,703 INFO o.u.s.s.CourseImpl [main] Lucy
2022-03-26 13:30:29,703 INFO o.u.s.s.CourseImpl [main] Tim
2022-03-26 13:30:29,703 INFO o.u.s.s.CourseImpl [main] zoe
2022-03-26 13:30:29,703 INFO o.u.App [main] Now let's calculate your salary
2022-03-26 13:30:29,706 INFO o.u.e.Employee [main] Enter the base monthly income
2022-03-26 13:31:35,873 INFO o.u.e.UserInteractionClass [main] As a teacher you can:Add classes 
Create exams 
Calculate payment
2022-03-26 13:31:35,937 INFO o.u.s.s.CourseImpl [main] Enter three students, please. 1
2022-03-26 13:31:39,517 INFO o.u.s.s.CourseImpl [main] Enter three students, please. 2
2022-03-26 13:31:40,821 INFO o.u.s.s.CourseImpl [main] Enter three students, please. 3
2022-03-26 13:31:43,073 INFO o.u.s.s.CourseImpl [main] Enter three students, please. 4
2022-03-26 13:31:48,911 INFO o.u.s.s.CourseImpl [main] The students added are
2022-03-26 13:31:48,911 INFO o.u.s.s.CourseImpl [main] Bill
2022-03-26 13:31:48,912 INFO o.u.s.s.CourseImpl [main] The students added are
2022-03-26 13:31:48,912 INFO o.u.s.s.CourseImpl [main] Michael
2022-03-26 13:31:48,913 INFO o.u.s.s.CourseImpl [main] The students added are
2022-03-26 13:31:48,913 INFO o.u.s.s.CourseImpl [main] Tom
2022-03-26 13:31:48,913 INFO o.u.s.s.CourseImpl [main] The students added are
2022-03-26 13:31:48,914 INFO o.u.s.s.CourseImpl [main] Ximena
2022-03-26 13:31:48,914 INFO o.u.App [main] Now let's calculate your salary
2022-03-26 13:31:48,958 INFO o.u.e.Employee [main] Enter the base monthly income
2022-03-26 13:32:45,385 INFO o.u.e.UserInteractionClass [main] As a teacher you can:Add classes 
Create exams 
Calculate payment
2022-03-26 13:32:45,468 INFO o.u.s.s.CourseImpl [main] Enter three students, please. 1
2022-03-26 13:32:53,639 INFO o.u.s.s.CourseImpl [main] Enter three students, please. 2
2022-03-26 13:32:55,391 INFO o.u.s.s.CourseImpl [main] Enter three students, please. 3
2022-03-26 13:32:57,717 INFO o.u.s.s.CourseImpl [main] Enter three students, please. 4
2022-03-26 13:33:02,562 INFO o.u.s.s.CourseImpl [main] The students added are
2022-03-26 13:33:02,563 INFO o.u.s.s.CourseImpl [main] Charles
2022-03-26 13:33:02,563 INFO o.u.s.s.CourseImpl [main] tim
2022-03-26 13:33:02,564 INFO o.u.s.s.CourseImpl [main] xime
2022-03-26 13:33:02,564 INFO o.u.s.s.CourseImpl [main] zoe
2022-03-26 13:33:02,564 INFO o.u.App [main] Now let's calculate your salary
2022-03-26 13:33:02,605 INFO o.u.e.Employee [main] Enter the base monthly income
2022-03-26 13:49:01,090 INFO o.u.e.UserInteractionClass [main] As a teacher you can:Add classes 
Create exams 
Calculate payment
2022-03-26 13:49:01,165 INFO o.u.s.s.CourseImpl [main] Enter three students, please. 1
2022-03-26 13:49:04,802 INFO o.u.s.s.CourseImpl [main] Enter three students, please. 2
2022-03-26 13:49:06,503 INFO o.u.s.s.CourseImpl [main] Enter three students, please. 3
2022-03-26 13:49:10,195 INFO o.u.s.s.CourseImpl [main] Enter three students, please. 4
2022-03-26 13:49:15,377 INFO o.u.App [main] Now let's calculate your salary
2022-03-26 13:49:15,382 INFO o.u.e.Employee [main] Enter the base monthly income
2022-03-26 13:50:52,122 INFO o.u.e.UserInteractionClass [main] As a teacher you can:Add classes 
Create exams 
Calculate payment
2022-03-26 13:50:52,135 INFO o.u.s.s.CourseImpl [main] Enter three students, please. 1
2022-03-26 13:50:56,469 INFO o.u.s.s.CourseImpl [main] Enter three students, please. 2
2022-03-26 13:50:58,187 INFO o.u.s.s.CourseImpl [main] Enter three students, please. 3
2022-03-26 13:50:59,888 INFO o.u.s.s.CourseImpl [main] Enter three students, please. 4
2022-03-26 13:51:04,497 INFO o.u.App [main] Now let's calculate your salary
2022-03-26 13:51:04,500 INFO o.u.e.Employee [main] Enter the base monthly income
2022-03-26 13:54:10,762 INFO o.u.e.UserInteractionClass [main] As a teacher you can:Add classes 
Create exams 
Calculate payment
2022-03-26 13:54:10,776 INFO o.u.s.s.CourseImpl [main] Enter three students, please. 1
2022-03-26 13:54:16,597 INFO o.u.s.s.CourseImpl [main] Enter three students, please. 2
2022-03-26 13:54:18,228 INFO o.u.s.s.CourseImpl [main] Enter three students, please. 3
2022-03-26 13:54:20,382 INFO o.u.s.s.CourseImpl [main] Enter three students, please. 4
2022-03-26 13:54:22,845 INFO o.u.s.s.CourseImpl [main] The  new collections of students added is: [Alice, Lucas, Tim, Zoe]
2022-03-26 13:54:22,845 INFO o.u.App [main] Now let's calculate your salary
2022-03-26 13:54:22,848 INFO o.u.e.Employee [main] Enter the base monthly income
2022-03-26 14:07:13,433 INFO o.u.e.UserInteractionClass [main] As a teacher you can:Add classes 
Create exams 
Calculate payment
2022-03-26 14:07:13,537 INFO o.u.s.s.CourseImpl [main] Enter three students, please. 1
2022-03-26 14:07:16,390 INFO o.u.s.s.CourseImpl [main] Enter three students, please. 2
2022-03-26 14:07:17,825 INFO o.u.s.s.CourseImpl [main] Enter three students, please. 3
2022-03-26 14:07:19,227 INFO o.u.s.s.CourseImpl [main] Enter three students, please. 4
2022-03-26 14:07:22,936 INFO o.u.s.s.CourseImpl [main] This is one element of the collection of student: Andy
2022-03-26 14:07:22,936 INFO o.u.s.s.CourseImpl [main] This is one element of the collection of student: German
2022-03-26 14:07:22,936 INFO o.u.s.s.CourseImpl [main] This is one element of the collection of student: Lucas
2022-03-26 14:07:22,937 INFO o.u.s.s.CourseImpl [main] This is one element of the collection of student: zoe
2022-03-26 14:07:22,937 INFO o.u.App [main] Now let's calculate your salary
2022-03-26 14:07:22,993 INFO o.u.e.Employee [main] Enter the base monthly income
2022-03-26 14:35:59,182 INFO o.u.e.UserInteractionClass [main] As a teacher you can:Add classes 
Create exams 
Calculate payment
2022-03-26 14:35:59,196 INFO o.u.s.s.CourseImpl [main] Enter the new workshop, please
2022-03-26 14:36:07,950 INFO o.u.s.s.CourseImpl [main] Enter the new workshop, please
2022-03-26 14:36:14,216 INFO o.u.s.s.CourseImpl [main] Enter the new workshop, please
2022-03-26 14:36:29,216 INFO o.u.s.s.CourseImpl [main] Enter the new workshop, please
2022-03-26 14:36:37,805 INFO o.u.s.s.CourseImpl [main] Enter the new workshop, please
2022-03-26 14:37:10,190 INFO o.u.s.s.CourseImpl [main] Enter the new workshop, please
2022-03-26 14:37:10,191 ERROR o.u.s.s.CourseImpl [main] java.util.NoSuchElementException: No line found
2022-03-26 14:39:43,782 INFO o.u.e.UserInteractionClass [main] As a teacher you can:Add classes 
Create exams 
Calculate payment
2022-03-26 14:39:43,802 INFO o.u.s.s.CourseImpl [main] Enter the new workshop, please
2022-03-26 14:39:48,315 INFO o.u.s.s.CourseImpl [main] Enter the new workshop, please
2022-03-26 14:39:50,476 INFO o.u.s.s.CourseImpl [main] Enter the new workshop, please
2022-03-26 14:39:54,356 INFO o.u.s.s.CourseImpl [main] Enter the new workshop, please
2022-03-26 14:39:54,357 ERROR o.u.s.s.CourseImpl [main] java.util.NoSuchElementException: No line found
2022-03-26 14:47:00,097 INFO o.u.e.UserInteractionClass [main] As a teacher you can:Add classes 
Create exams 
Calculate payment
2022-03-26 14:47:00,114 INFO o.u.s.s.CourseImpl [main] Enter the new workshop, please
2022-03-26 14:47:04,092 INFO o.u.s.s.CourseImpl [main] Enter the new workshop, please
2022-03-26 14:47:06,203 INFO o.u.s.s.CourseImpl [main] Enter the new workshop, please
2022-03-26 14:47:08,296 INFO o.u.s.s.CourseImpl [main] Enter the new workshop, please
2022-03-26 14:47:08,298 ERROR o.u.s.s.CourseImpl [main] java.util.NoSuchElementException: No line found
2022-03-26 14:48:51,206 INFO o.u.e.UserInteractionClass [main] As a teacher you can:Add classes 
Create exams 
Calculate payment
2022-03-26 14:48:51,220 INFO o.u.s.s.CourseImpl [main] Enter the new workshop, please1
2022-03-26 14:48:54,665 INFO o.u.s.s.CourseImpl [main] Enter the new workshop, please2
2022-03-26 14:48:57,274 INFO o.u.s.s.CourseImpl [main] Enter the new workshop, please3
2022-03-26 14:48:58,373 INFO o.u.s.s.CourseImpl [main] Enter the new workshop, please1
2022-03-26 14:48:58,374 ERROR o.u.s.s.CourseImpl [main] java.util.NoSuchElementException: No line found
2022-03-26 14:51:52,693 INFO o.u.e.UserInteractionClass [main] As a teacher you can:Add classes 
Create exams 
Calculate payment
2022-03-26 14:51:52,709 INFO o.u.s.s.CourseImpl [main] Enter the new workshop, please1
2022-03-26 14:51:55,121 INFO o.u.s.s.CourseImpl [main] Enter the new workshop, please2
2022-03-26 14:51:57,044 INFO o.u.s.s.CourseImpl [main] Enter the new workshop, please3
2022-03-26 14:51:58,800 INFO o.u.s.s.CourseImpl [main] Enter the new workshop, please1
2022-03-26 14:51:58,803 ERROR o.u.s.s.CourseImpl [main] java.util.NoSuchElementException: No line found
2022-03-27 00:35:26,507 INFO o.u.e.UserInteractionClass [main] As a teacher you can:Add classes 
Create exams 
Calculate payment
2022-03-27 00:35:26,527 INFO o.u.s.s.CourseImpl [main] Enter the new workshop, please1
2022-03-27 00:35:31,876 INFO o.u.s.s.CourseImpl [main] Enter the new workshop, please2
2022-03-27 00:35:34,644 INFO o.u.s.s.CourseImpl [main] Enter the new workshop, please3
2022-03-27 00:35:40,756 INFO o.u.s.s.CourseImpl [main] Enter the new workshop, please1
2022-03-27 00:35:40,757 ERROR o.u.s.s.CourseImpl [main] java.util.NoSuchElementException: No line found
2022-03-28 13:29:50,299 INFO o.u.e.UserInteractionClass [main] As a teacher you can:Add classes 
Create exams 
Calculate payment
2022-03-28 13:29:50,306 INFO o.u.s.s.CourseImpl [main] Enter the new workshop, please1
2022-03-28 13:30:21,159 INFO o.u.s.s.CourseImpl [main] Enter the new workshop, please2
2022-03-28 13:30:23,464 INFO o.u.s.s.CourseImpl [main] Enter the new workshop, please3
2022-03-28 13:30:26,867 INFO o.u.s.s.CourseImpl [main] Enter the new workshop, please1
2022-03-28 13:30:26,868 ERROR o.u.s.s.CourseImpl [main] java.util.NoSuchElementException: No line found
2022-03-28 13:30:52,796 INFO o.u.e.UserInteractionClass [main] As a teacher you can:Add classes 
Create exams 
Calculate payment
2022-03-28 13:32:05,265 INFO o.u.s.s.CourseImpl [main] Enter the new workshop, please1
2022-03-28 13:32:30,726 INFO o.u.s.s.CourseImpl [main] Enter the new workshop, please2
